Standard Commons Logging discovery in action with spring-jcl: please remove commons-logging.jar from classpath in order to avoid potential conflicts

  .   ____          _            __ _ _
 /\\ / ___'_ __ _ _(_)_ __  __ _ \ \ \ \
( ( )\___ | '_ | '_| | '_ \/ _` | \ \ \ \
 \\/  ___)| |_)| | | | | || (_| |  ) ) ) )
  '  |____| .__|_| |_|_| |_\__, | / / / /
 =========|_|==============|___/=/_/_/_/
 :: Spring Boot ::                (v3.2.1)

2025-06-17 08:10:00 - Starting EmpVerifyBlockchainApiApplication using Java 21.0.7 with PID 3974 (/Users/mac/Downloads/empverify-blockchain-api/build/libs/empverify-blockchain-api.jar started by mac in /Users/mac/Downloads/empverify-blockchain-api)
2025-06-17 08:10:00 - Running with Spring Boot v3.2.1, Spring v6.1.2
2025-06-17 08:10:00 - The following 1 profile is active: "local"
2025-06-17 08:10:07 - Tomcat initialized with port 8080 (http)
2025-06-17 08:10:07 - Starting service [Tomcat]
2025-06-17 08:10:07 - Starting Servlet engine: [Apache Tomcat/10.1.17]
2025-06-17 08:10:07 - Initializing Spring embedded WebApplicationContext
2025-06-17 08:10:07 - Root WebApplicationContext: initialization completed in 6070 ms
Standard Commons Logging discovery in action with spring-jcl: please remove commons-logging.jar from classpath in order to avoid potential conflicts
2025-06-17 08:10:08 - Initializing Fabric Gateway with base path: /Users/mac/Desktop/fabric-samples/test-network
2025-06-17 08:10:08 - Identity appUser already exists in wallet
2025-06-17 08:10:08 - Failed to load any configuration from: config.properties. Using toolkit defaults
2025-06-17 08:10:10 - Unable to load channel configuration from connection profile: Channel configuration has no channels defined.
2025-06-17 08:10:13 - Channel employeechannel doing discovery with peer: Peer{ id: 2, name: peer0.org1.agregartech.com, channelName: employeechannel, url: grpcs://localhost:7051, mspid: Org1MSP}
2025-06-17 08:10:14 - AutoConfiguredOpenTelemetrySdk found on classpath but automatic configuration is disabled. To enable, run your JVM with -Dotel.java.global-autoconfigure.enabled=true
2025-06-17 08:10:14 - Failed to export spans. Server responded with gRPC status code 2. Error message: Failed to connect to localhost/[0:0:0:0:0:0:0:1]:4317
2025-06-17 08:10:14 - Channel Channel{id: 1, name: employeechannel} eventThread started shutdown: false  thread: null 
2025-06-17 08:10:14 - Successfully initialized Fabric Gateway for channel: employeechannel and contract: employment-records
2025-06-17 08:10:15 - 

Using generated security password: 814fad13-6504-4748-bdf6-9de84440be71

This generated password is for development use only. Your security configuration must be updated before running your application in production.

2025-06-17 08:10:15 - Exposing 3 endpoint(s) beneath base path '/actuator'
2025-06-17 08:10:15 - Will secure any request with [org.springframework.security.web.session.DisableEncodeUrlFilter@67521a79, org.springframework.security.web.context.request.async.WebAsyncManagerIntegrationFilter@73839f22, org.springframework.security.web.context.SecurityContextHolderFilter@6d77d269, org.springframework.security.web.header.HeaderWriterFilter@3fc2a1d1, org.springframework.web.filter.CorsFilter@1512efe9, org.springframework.security.web.authentication.logout.LogoutFilter@610d0067, com.empverify.security.ApiKeyAuthenticationFilter@7cc7e441, org.springframework.security.web.savedrequest.RequestCacheAwareFilter@530a46f4, org.springframework.security.web.servletapi.SecurityContextHolderAwareRequestFilter@3180131e, org.springframework.security.web.authentication.AnonymousAuthenticationFilter@bb1b872, org.springframework.security.web.session.SessionManagementFilter@4a225014, org.springframework.security.web.access.ExceptionTranslationFilter@41092c8, org.springframework.security.web.access.intercept.AuthorizationFilter@2566247d]
2025-06-17 08:10:16 - Exception encountered during context initialization - cancelling refresh attempt: org.springframework.context.ApplicationContextException: Failed to start bean 'webServerStartStop'
2025-06-17 08:10:16 - Fabric Gateway connection closed
2025-06-17 08:10:16 - Channel employeechannel eventThread shutting down. shutdown: true  thread: pool-9-thread-1 
2025-06-17 08:10:17 - 

Error starting ApplicationContext. To display the condition evaluation report re-run your application with 'debug' enabled.
2025-06-17 08:10:17 - 

***************************
APPLICATION FAILED TO START
***************************

Description:

Web server failed to start. Port 8080 was already in use.

Action:

Identify and stop the process that's listening on port 8080 or configure this application to listen on another port.

